[03/07/20, 23:16:46:340] info: ╔════════════════════════════════════════════════════════════════════════════════╗ 
[03/07/20, 23:16:46:340] info: ║      Slack 4.0.2, linux 5.3.0-40-generic on x64 at 03/07/20, 23:16:46:338      ║ 
[03/07/20, 23:16:46:340] info: ╚════════════════════════════════════════════════════════════════════════════════╝ 
[03/07/20, 23:16:46:341] info: Configured logger via 
{
  "logLevel": "info"
}
[03/07/20, 23:16:46:342] info: Predefined values for process 
{
  "platform": "linux",
  "NODE_ENV": "production",
  "type": "renderer",
  "PACKAGE_MANIFEST.productName": "Slack",
  "PACKAGE_MANIFEST.version": "4.0.2",
  "PACKAGE_MANIFEST.versionName": "The Final Countdown",
  "PACKAGE_MANIFEST.commit": "8900f04",
  "PACKAGE_MANIFEST.branch": "HEAD"
}
[03/07/20, 23:16:46:425] info: Read UUID from file successful 
{
  "uuid": "e726dd1e-fd24-5058-a816-779bc0bb184a"
}
[03/07/20, 23:16:46:478] info: SpellChecker:: updateSpellcheckerLanguage: Skip to set new language null, spellchecker is not available 
[03/07/20, 23:16:46:483] info: Main window preload script finished 
{
  "readyTime": 67.973164
}
[03/07/20, 23:16:46:502] info: create: creating new instance of cld3 
{
  "minBufferLength": 280,
  "maxBufferLength": 800
}
[03/07/20, 23:16:46:502] info: cld3::loadModule: loading cld3 wasm binary 
{
  "initOptions": {}
}
[03/07/20, 23:16:46:502] info: cld3Loader::loadModule: constructed module object for runtime 
[03/07/20, 23:16:46:657] info: cld3Loader::initializeRuntime: successfully initialized module 
[03/07/20, 23:16:46:657] info: cld3Loader::loadModule: initialized wasm binary Runtime 
[03/07/20, 23:16:46:657] info: cld3::cldLoader: cld3 wasm initialized with default values 
{
  "unknownIdentifier": "und",
  "minBytesDefault": 140,
  "maxBytesDefault": 700,
  "maxBytesInput": 10000,
  "languageResultStructSize": 16
}
[03/07/20, 23:16:47:326] info: Network status check 
{
  "elapsed_time_ms": 416,
  "navigator_online": true,
  "api_test": "online"
}
[03/07/20, 23:16:47:326] info: Store: SET_NETWORK_STATUS online
[03/07/20, 23:16:48:081] info: Store: UPDATE_SETTINGS 
{
  "userTheme": "light"
}
[03/07/20, 23:16:48:083] info: Store: UPDATE_SETTINGS 
{
  "systemThemeSyncEnabled": false
}
[03/07/20, 23:16:48:084] info: Store: REDUX_UPDATE_FROM_WEBAPP 
{
  "teams": {
    "T00000000": {
      "bootConfig": {
        "isSonicDisabled": false,
        "isSonicEnabled": true
      },
      "featureFlags": {},
      "locale": "en-US",
      "notificationPrefs": {},
      "theme": {
        "titlebarBackground": "#1F0020",
        "titlebarTextColor": "#FFFFFF"
      },
      "unreads": {
        "hasUnreads": false,
        "unreadHighlights": 0,
        "unreads": 0
      }
    }
  }
}
[03/07/20, 23:16:48:109] info: Store: UPSERT_WEB_CONTENTS 
{
  "id": 1,
  "state": "loaded",
  "teamId": "app"
}
[03/07/20, 23:16:48:111] info: Store: MAIN_WINDOW_SHOWN 
[03/07/20, 23:16:48:112] info: Store: UPDATE_SETTINGS 
{
  "mainWindowSettings": {
    "bounds": {
      "height": 768,
      "width": 1024,
      "x": 448,
      "y": 156
    },
    "fullScreen": false,
    "maximized": false
  }
}
[03/07/20, 23:16:48:117] info: Store: REDUX_UPDATE_FROM_WEBAPP 
{
  "teams": {
    "T00000000": {
      "version": "2606f37@1583557774"
    }
  }
}
[03/07/20, 23:16:49:185] info: Store: UPDATE_SETTINGS 
{
  "mainWindowSettings": {
    "bounds": {
      "height": 1003,
      "width": 626,
      "x": 647,
      "y": 27
    },
    "fullScreen": false,
    "maximized": false
  }
}
[03/07/20, 23:16:50:626] info: Store: QUIT_APP 
[03/07/20, 23:16:50:631] info: Store: APP_CLEANED_UP 
[03/07/20, 23:16:50:631] info: Store: DOWNLOADS_CLEANED_UP 
[03/07/20, 23:16:50:631] info: Window is unloading, window.desktop is no longer accessible 
[03/07/20, 23:16:50:638] info: Store: UPSERT_WEB_CONTENTS 
{
  "id": 1,
  "state": "page-closed",
  "teamId": "app"
}
[03/07/20, 23:16:50:649] info: Store: REMOVE_WINDOW 1
[03/07/20, 23:16:54:627] info: ╔════════════════════════════════════════════════════════════════════════════════╗ 
[03/07/20, 23:16:54:627] info: ║      Slack 4.0.2, linux 5.3.0-40-generic on x64 at 03/07/20, 23:16:54:626      ║ 
[03/07/20, 23:16:54:627] info: ╚════════════════════════════════════════════════════════════════════════════════╝ 
[03/07/20, 23:16:54:628] info: Configured logger via 
{
  "logLevel": "info"
}
[03/07/20, 23:16:54:628] info: Predefined values for process 
{
  "platform": "linux",
  "NODE_ENV": "production",
  "type": "renderer",
  "PACKAGE_MANIFEST.productName": "Slack",
  "PACKAGE_MANIFEST.version": "4.0.2",
  "PACKAGE_MANIFEST.versionName": "The Final Countdown",
  "PACKAGE_MANIFEST.commit": "8900f04",
  "PACKAGE_MANIFEST.branch": "HEAD"
}
[03/07/20, 23:16:54:689] info: TranslationLookup: locale set to ja for renderer 
[03/07/20, 23:16:54:710] info: Read UUID from file successful 
{
  "uuid": "e726dd1e-fd24-5058-a816-779bc0bb184a"
}
[03/07/20, 23:16:54:764] info: SpellChecker:: updateSpellcheckerLanguage: Skip to set new language null, spellchecker is not available 
[03/07/20, 23:16:54:764] info: TranslationLookup: locale set to en-US for renderer 
[03/07/20, 23:16:54:770] info: Main window preload script finished 
{
  "readyTime": 69.206976
}
[03/07/20, 23:16:54:927] info: create: creating new instance of cld3 
{
  "minBufferLength": 280,
  "maxBufferLength": 800
}
[03/07/20, 23:16:54:928] info: cld3::loadModule: loading cld3 wasm binary 
{
  "initOptions": {}
}
[03/07/20, 23:16:54:929] info: cld3Loader::loadModule: constructed module object for runtime 
[03/07/20, 23:16:55:004] info: cld3Loader::initializeRuntime: successfully initialized module 
[03/07/20, 23:16:55:004] info: cld3Loader::loadModule: initialized wasm binary Runtime 
[03/07/20, 23:16:55:005] info: cld3::cldLoader: cld3 wasm initialized with default values 
{
  "unknownIdentifier": "und",
  "minBytesDefault": 140,
  "maxBytesDefault": 700,
  "maxBytesInput": 10000,
  "languageResultStructSize": 16
}
[03/07/20, 23:16:56:056] info: Store: UPDATE_SETTINGS 
{
  "userTheme": "light"
}
[03/07/20, 23:16:56:056] info: Store: UPDATE_SETTINGS 
{
  "systemThemeSyncEnabled": false
}
[03/07/20, 23:16:56:402] info: Store: REDUX_UPDATE_FROM_WEBAPP 
{
  "teams": {
    "T00000000": {
      "bootConfig": {
        "isSonicDisabled": false,
        "isSonicEnabled": true
      },
      "featureFlags": {},
      "locale": "ja-JP",
      "notificationPrefs": {},
      "theme": {
        "titlebarBackground": "#1F0020",
        "titlebarTextColor": "#FFFFFF"
      },
      "unreads": {
        "hasUnreads": false,
        "unreadHighlights": 0,
        "unreads": 0
      }
    }
  }
}
[03/07/20, 23:16:56:413] info: Store: UPSERT_WEB_CONTENTS 
{
  "id": 1,
  "state": "loaded",
  "teamId": "app"
}
[03/07/20, 23:16:56:415] info: Store: MAIN_WINDOW_SHOWN 
[03/07/20, 23:16:56:415] info: Store: UPDATE_SETTINGS 
{
  "mainWindowSettings": {
    "bounds": {
      "height": 1003,
      "width": 626,
      "x": 647,
      "y": 27
    },
    "fullScreen": false,
    "maximized": false
  }
}
[03/07/20, 23:16:56:462] info: Store: REDUX_UPDATE_FROM_WEBAPP 
{
  "teams": {
    "T00000000": {
      "version": "2606f37@1583557774"
    }
  }
}
[03/07/20, 23:16:56:769] info: Network status check 
{
  "elapsed_time_ms": 374,
  "navigator_online": true,
  "api_test": "online"
}
[03/07/20, 23:16:56:771] info: Store: SET_NETWORK_STATUS online
[03/07/20, 23:16:59:940] info: Got window.open with URL: /ssb/signin 
[03/07/20, 23:17:03:983] info: Store: UPDATE_SETTINGS 
{
  "mainWindowSettings": {
    "bounds": {
      "height": 1003,
      "width": 466,
      "x": 487,
      "y": 27
    },
    "fullScreen": false,
    "maximized": false
  }
}
[03/07/20, 23:17:49:005] info: Store: HANDLE_DEEP_LINK 
{
  "causedLaunch": false,
  "url": "slack://TNK70A2D6/magic-login/987287125728-3768622764ec72dce47ebabb101b000a5cdc6cdeaae4dd11687ac1696794619d"
}
[03/07/20, 23:17:49:414] info: Store: UPSERT_WEB_CONTENTS 
{
  "history": "[REDACTED]",
  "id": 1,
  "state": "page-will-navigate",
  "teamId": "app"
}
[03/07/20, 23:17:49:419] info: Window is unloading, window.desktop is no longer accessible 
[03/07/20, 23:17:50:680] info: ╔════════════════════════════════════════════════════════════════════════════════╗ 
[03/07/20, 23:17:50:681] info: ║      Slack 4.0.2, linux 5.3.0-40-generic on x64 at 03/07/20, 23:17:50:680      ║ 
[03/07/20, 23:17:50:681] info: ╚════════════════════════════════════════════════════════════════════════════════╝ 
[03/07/20, 23:17:50:682] info: Configured logger via 
{
  "logLevel": "info"
}
[03/07/20, 23:17:50:682] info: Predefined values for process 
{
  "platform": "linux",
  "NODE_ENV": "production",
  "type": "renderer",
  "PACKAGE_MANIFEST.productName": "Slack",
  "PACKAGE_MANIFEST.version": "4.0.2",
  "PACKAGE_MANIFEST.versionName": "The Final Countdown",
  "PACKAGE_MANIFEST.commit": "8900f04",
  "PACKAGE_MANIFEST.branch": "HEAD"
}
[03/07/20, 23:17:50:741] info: TranslationLookup: locale set to ja for renderer 
[03/07/20, 23:17:50:761] info: Read UUID from file successful 
{
  "uuid": "e726dd1e-fd24-5058-a816-779bc0bb184a"
}
[03/07/20, 23:17:50:816] info: SpellChecker:: updateSpellcheckerLanguage: Skip to set new language null, spellchecker is not available 
[03/07/20, 23:17:50:816] info: TranslationLookup: locale set to en-US for renderer 
[03/07/20, 23:17:50:821] info: Main window preload script finished 
{
  "readyTime": 70.145999
}
[03/07/20, 23:17:50:840] info: Store: UPSERT_WEB_CONTENTS 
{
  "id": 1,
  "state": "loaded",
  "teamId": "app"
}
[03/07/20, 23:17:50:849] info: create: creating new instance of cld3 
{
  "minBufferLength": 280,
  "maxBufferLength": 800
}
[03/07/20, 23:17:50:850] info: cld3::loadModule: loading cld3 wasm binary 
{
  "initOptions": {}
}
[03/07/20, 23:17:50:850] info: cld3Loader::loadModule: constructed module object for runtime 
[03/07/20, 23:17:51:010] info: cld3Loader::initializeRuntime: successfully initialized module 
[03/07/20, 23:17:51:010] info: cld3Loader::loadModule: initialized wasm binary Runtime 
[03/07/20, 23:17:51:011] info: cld3::cldLoader: cld3 wasm initialized with default values 
{
  "unknownIdentifier": "und",
  "minBytesDefault": 140,
  "maxBytesDefault": 700,
  "maxBytesInput": 10000,
  "languageResultStructSize": 16
}
[03/07/20, 23:17:51:611] info: Network status check 
{
  "elapsed_time_ms": 362,
  "navigator_online": true,
  "api_test": "online"
}
[03/07/20, 23:17:51:611] info: Store: SET_NETWORK_STATUS online
[03/07/20, 23:17:52:906] info: Store: UPDATE_SETTINGS 
{
  "userTheme": "light"
}
[03/07/20, 23:17:52:907] info: Store: UPDATE_SETTINGS 
{
  "systemThemeSyncEnabled": false
}
[03/07/20, 23:17:53:032] error: [DESKTOP] 'desktop.accessibility.isAccessibilitySupportEnabled' is missing or not a function 
[03/07/20, 23:17:53:087] info: postLoadTaskSetup: Desktop client fully loaded 
{
  "loadedTime": 59522.563691
}
[03/07/20, 23:17:53:090] error: [DESKTOP] 'desktop.stats.performance.timeSpentInPreload' is missing or not a function 
[03/07/20, 23:17:53:291] error: [DESKTOP] 'desktop.stats.performance.timeSpentInPreload' is missing or not a function 
[03/07/20, 23:17:53:299] error: [DESKTOP] 'desktop.stats.performance.timeToPageLoad' is missing or not a function 
[03/07/20, 23:17:53:620] error: [DESKTOP] 'desktop.stats.performance.timeToPageLoad' is missing or not a function 
[03/07/20, 23:17:53:697] info: Store: SYNC Bad or empty workspaces payload
[03/07/20, 23:17:53:699] info: Store: SELECTION_CHANGED TNK70A2D6
[03/07/20, 23:17:53:701] info: Store: REDUX_UPDATE_FROM_WEBAPP 
{
  "teams": {
    "TNK70A2D6": {
      "bootConfig": {
        "isSonicDisabled": false,
        "isSonicEnabled": true
      },
      "featureFlags": {},
      "locale": "ja-JP",
      "notificationPrefs": {},
      "theme": {
        "titlebarBackground": "#1F0020",
        "titlebarTextColor": "#FFFFFF"
      },
      "unreads": {
        "hasUnreads": false,
        "unreadHighlights": 0,
        "unreads": 0
      }
    }
  }
}
[03/07/20, 23:17:53:701] info: Store: REDUX_UPDATE_FROM_WEBAPP 
{
  "teams": {
    "TNK70A2D6": {
      "version": "2606f37-s@1583557774"
    }
  }
}
[03/07/20, 23:17:53:701] info: Store: REDUX_UPDATE_FROM_WEBAPP 
{
  "teams": {
    "TNK70A2D6": {
      "notificationPrefs": {
        "muteSounds": false,
        "noTextInNotifications": false,
        "notificationSound": "knock_brush.mp3"
      },
      "theme": {
        "titlebarBackground": "#1F0020",
        "titlebarTextColor": "#FFFFFF"
      },
      "unreads": {
        "hasUnreads": false,
        "showBullet": true,
        "unreadHighlights": 0,
        "unreads": 0
      }
    }
  }
}
[03/07/20, 23:17:53:701] info: Store: SYNC Synced 1 workspaces with IDs [TNK70A2D6]
[03/07/20, 23:17:53:702] info: Store: SELECTION_CHANGED TNK70A2D6
[03/07/20, 23:17:53:703] info: Store: UPSERT_WEB_CONTENTS 
{
  "id": 1,
  "state": "webapp-loaded",
  "teamId": "app"
}
[03/07/20, 23:17:53:753] info: Store: STORE_ENTERPRISE_ID_PAIR 
{
  "enterpriseId": null,
  "teamId": "app"
}
[03/07/20, 23:17:53:954] info: Store: UPDATE_SETTINGS 
{
  "lastClogForProxyInfo": 1583590673942
}
[03/07/20, 23:17:54:027] info: postLoadTaskSetup: Setup spellchecker 
{
  "version": "V1"
}
[03/07/20, 23:17:54:055] info: fetchContentForChannel: will not attempt to try fetch channel content in pilot 
[03/07/20, 23:17:54:065] info: Raw Locale list: ["C","C.UTF-8","POSIX","en_AG","en_AG.utf8","en_AU.utf8","en_BW.utf8","en_CA.utf8","en_DK.utf8","en_GB.utf8","en_HK.utf8","en_IE.utf8","en_IL","en_IL.utf8","en_IN","en_IN.utf8","en_NG","en_NG.utf8","en_NZ.utf8","en_PH.utf8","en_SG.utf8","en_US.utf8","en_ZA.utf8","en_ZM","en_ZM.utf8","en_ZW.utf8","ja_JP.utf8",""] 
[03/07/20, 23:17:54:065] info: Filtered Locale list: ["en_AG","en_AG","en_AU","en_BW","en_CA","en_DK","en_GB","en_HK","en_IE","en_IL","en_IL","en_IN","en_IN","en_NG","en_NG","en_NZ","en_PH","en_SG","en_US","en_ZA","en_ZM","en_ZM","en_ZW","ja_JP"] 
[03/07/20, 23:17:54:065] info: Counts: {"en":["en_AG","en_AG","en_AU","en_BW","en_CA","en_DK","en_GB","en_HK","en_IE","en_IL","en_IL","en_IN","en_IN","en_NG","en_NG","en_NZ","en_PH","en_SG","en_US","en_ZA","en_ZM","en_ZM","en_ZW"],"ja":["ja_JP"]} 
[03/07/20, 23:17:54:066] info: Setting ja 
[03/07/20, 23:17:54:066] info: Result: {"ja":"ja-JP"} 
[03/07/20, 23:17:54:066] info: Requesting to load en-US, alternatives are ["en-US","en-US","en-US"] 
[03/07/20, 23:17:54:066] info: Loading dictionary for language en-US 
[03/07/20, 23:17:54:066] info: Actually downloading https://redirector.gvt1.com/edgedl/chrome/dict/en-us-7-1.bdic 
[03/07/20, 23:17:55:851] info: Setting current spellchecker to en-US, requested language was en-US 
[03/07/20, 23:17:55:851] info: Creating node-spellchecker instance 
[03/07/20, 23:17:55:873] info: Actually installing spell check provider to Electron 
[03/07/20, 23:17:57:192] info: Store: UPDATE_SETTINGS 
{
  "mainWindowSettings": {
    "bounds": {
      "height": 1003,
      "width": 626,
      "x": 647,
      "y": 27
    },
    "fullScreen": false,
    "maximized": false
  }
}
[03/07/20, 23:18:21:307] info: Store: UPDATE_SETTINGS 
{
  "mainWindowSettings": {
    "bounds": {
      "height": 1003,
      "width": 466,
      "x": 487,
      "y": 27
    },
    "fullScreen": false,
    "maximized": false
  }
}
[03/07/20, 23:20:38:451] info: Store: HANDLE_DEEP_LINK 
{
  "causedLaunch": false,
  "url": "slack://TSAFH3ZJ4/magic-login/989499437734-0919da34e0e0d9840e0c0c831f3f784d42be39097b287804b8a610af4c6ffcc2"
}
[03/07/20, 23:20:39:307] info: Store: SYNC Synced 1 workspaces with IDs [TNK70A2D6]
[03/07/20, 23:20:39:308] info: Store: SELECTION_CHANGED TNK70A2D6
[03/07/20, 23:20:41:007] error: [DESKTOP] 'desktop.accessibility.isAccessibilitySupportEnabled' is missing or not a function 
[03/07/20, 23:20:41:064] error: [DESKTOP] 'desktop.stats.performance.timeSpentInPreload' is missing or not a function 
[03/07/20, 23:20:41:234] error: [DESKTOP] 'desktop.stats.performance.timeSpentInPreload' is missing or not a function 
[03/07/20, 23:20:41:340] info: postLoadTaskSetup: Desktop client fully loaded 
{
  "loadedTime": 227775.998554
}
[03/07/20, 23:20:41:385] error: [DESKTOP] 'desktop.stats.performance.timeSpentInPreload' is missing or not a function 
[03/07/20, 23:20:41:543] info: Store: REDUX_UPDATE_FROM_WEBAPP 
{
  "teams": {
    "TSAFH3ZJ4": {
      "bootConfig": {
        "isSonicDisabled": false,
        "isSonicEnabled": true
      },
      "featureFlags": {},
      "locale": "ja-JP",
      "notificationPrefs": {},
      "theme": {
        "titlebarBackground": "#1F0020",
        "titlebarTextColor": "#FFFFFF"
      },
      "unreads": {
        "hasUnreads": false,
        "unreadHighlights": 0,
        "unreads": 0
      }
    }
  }
}
[03/07/20, 23:20:41:543] info: Store: REDUX_UPDATE_FROM_WEBAPP 
{
  "teams": {
    "TSAFH3ZJ4": {
      "version": "2606f37-s@1583557774"
    }
  }
}
[03/07/20, 23:20:41:543] info: Store: REDUX_UPDATE_FROM_WEBAPP 
{
  "teams": {
    "TSAFH3ZJ4": {
      "notificationPrefs": {
        "muteSounds": false,
        "noTextInNotifications": false,
        "notificationSound": "knock_brush.mp3"
      },
      "theme": {
        "titlebarBackground": "#1F0020",
        "titlebarTextColor": "#FFFFFF"
      },
      "unreads": {
        "hasUnreads": false,
        "showBullet": true,
        "unreadHighlights": 0,
        "unreads": 0
      }
    }
  }
}
[03/07/20, 23:20:41:546] info: Store: SYNC Synced 2 workspaces with IDs [TNK70A2D6,TSAFH3ZJ4]
[03/07/20, 23:20:41:546] info: Store: SELECTION_CHANGED TNK70A2D6
[03/07/20, 23:20:41:550] info: Store: SELECTION_CHANGED TSAFH3ZJ4
[03/07/20, 23:20:41:551] info: Store: UPSERT_WEB_CONTENTS 
{
  "id": 1,
  "state": "webapp-loaded",
  "teamId": "app"
}
[03/07/20, 23:20:41:561] info: Store: SELECTION_CHANGED TNK70A2D6
[03/07/20, 23:20:41:599] info: Store: STORE_ENTERPRISE_ID_PAIR 
{
  "enterpriseId": null,
  "teamId": "app"
}
[03/07/20, 23:20:41:624] info: postLoadTaskSetup: Setup spellchecker 
{
  "version": "V1"
}
[03/07/20, 23:20:41:625] info: fetchContentForChannel: will not attempt to try fetch channel content in pilot 
[03/07/20, 23:20:41:634] info: Raw Locale list: ["C","C.UTF-8","POSIX","en_AG","en_AG.utf8","en_AU.utf8","en_BW.utf8","en_CA.utf8","en_DK.utf8","en_GB.utf8","en_HK.utf8","en_IE.utf8","en_IL","en_IL.utf8","en_IN","en_IN.utf8","en_NG","en_NG.utf8","en_NZ.utf8","en_PH.utf8","en_SG.utf8","en_US.utf8","en_ZA.utf8","en_ZM","en_ZM.utf8","en_ZW.utf8","ja_JP.utf8",""] 
[03/07/20, 23:20:41:634] info: Filtered Locale list: ["en_AG","en_AG","en_AU","en_BW","en_CA","en_DK","en_GB","en_HK","en_IE","en_IL","en_IL","en_IN","en_IN","en_NG","en_NG","en_NZ","en_PH","en_SG","en_US","en_ZA","en_ZM","en_ZM","en_ZW","ja_JP"] 
[03/07/20, 23:20:41:634] info: Counts: {"en":["en_AG","en_AG","en_AU","en_BW","en_CA","en_DK","en_GB","en_HK","en_IE","en_IL","en_IL","en_IN","en_IN","en_NG","en_NG","en_NZ","en_PH","en_SG","en_US","en_ZA","en_ZM","en_ZM","en_ZW"],"ja":["ja_JP"]} 
[03/07/20, 23:20:41:634] info: Setting ja 
[03/07/20, 23:20:41:634] info: Result: {"ja":"ja-JP"} 
[03/07/20, 23:20:41:634] info: Loading dictionary for language en-US 
[03/07/20, 23:20:41:634] info: Returning local copy: /home/tatsu/.config/Slack/dictionaries/en-US.bdic 
[03/07/20, 23:20:41:643] info: Setting current spellchecker to en-US, requested language was en-US 
[03/07/20, 23:20:41:643] info: Creating node-spellchecker instance 
[03/07/20, 23:20:41:643] info: Actually installing spell check provider to Electron 
[03/07/20, 23:20:43:203] info: Store: UPDATE_SETTINGS 
{
  "mainWindowSettings": {
    "bounds": {
      "height": 1003,
      "width": 626,
      "x": 647,
      "y": 27
    },
    "fullScreen": false,
    "maximized": false
  }
}
[03/07/20, 23:20:44:378] error: [DESKTOP] 'desktop.stats.performance.timeSpentInPreload' is missing or not a function 
[03/07/20, 23:20:44:495] info: Store: SELECTION_CHANGED TSAFH3ZJ4
[03/07/20, 23:21:16:483] info: Store: SET_SYSTEM_IDLE idle_taskbar
[03/07/20, 23:25:56:020] info: Store: UPDATE_SETTINGS 
{
  "hasRunFromTray": true
}
[03/07/20, 23:25:56:020] info: Store: SHOW_TRAY_BALLOON 
{
  "content": "Slack’s set to stay running in the notification area. To change this, visit Preferences > Advanced.",
  "title": "Why didn’t Slack quit?"
}
[03/07/20, 23:25:56:558] info: Store: SET_SYSTEM_IDLE active
[03/07/20, 23:33:16:693] info: Store: SET_SYSTEM_IDLE idle_taskbar
[03/07/20, 23:37:36:766] info: Store: SET_SYSTEM_IDLE active
[03/07/20, 23:50:56:973] info: Store: SET_SYSTEM_IDLE idle_taskbar
[03/07/20, 23:55:37:043] info: Store: SET_SYSTEM_IDLE active
[03/08/20, 00:04:37:167] info: Store: SET_SYSTEM_IDLE idle_taskbar
[03/08/20, 00:04:57:174] info: Store: SET_SYSTEM_IDLE active
[03/08/20, 00:10:17:255] info: Store: SET_SYSTEM_IDLE idle_taskbar
[03/08/20, 00:10:37:253] info: Store: SET_SYSTEM_IDLE active
[03/08/20, 11:42:12:026] info: ╔════════════════════════════════════════════════════════════════════════════════╗ 
[03/08/20, 11:42:12:028] info: ║      Slack 4.0.2, linux 5.3.0-40-generic on x64 at 03/08/20, 11:42:12:025      ║ 
[03/08/20, 11:42:12:028] info: ╚════════════════════════════════════════════════════════════════════════════════╝ 
[03/08/20, 11:42:12:028] info: Configured logger via 
{
  "logLevel": "info"
}
[03/08/20, 11:42:12:028] info: Predefined values for process 
{
  "platform": "linux",
  "NODE_ENV": "production",
  "type": "renderer",
  "PACKAGE_MANIFEST.productName": "Slack",
  "PACKAGE_MANIFEST.version": "4.0.2",
  "PACKAGE_MANIFEST.versionName": "The Final Countdown",
  "PACKAGE_MANIFEST.commit": "8900f04",
  "PACKAGE_MANIFEST.branch": "HEAD"
}
[03/08/20, 11:42:12:088] info: TranslationLookup: locale set to ja for renderer 
[03/08/20, 11:42:12:127] info: Read UUID from file successful 
{
  "uuid": "e726dd1e-fd24-5058-a816-779bc0bb184a"
}
[03/08/20, 11:42:12:232] info: SpellChecker:: updateSpellcheckerLanguage: Skip to set new language null, spellchecker is not available 
[03/08/20, 11:42:12:233] info: TranslationLookup: locale set to en-US for renderer 
[03/08/20, 11:42:12:244] info: Main window preload script finished 
{
  "readyTime": 144.959511
}
[03/08/20, 11:42:12:265] info: Store: UPSERT_WEB_CONTENTS 
{
  "id": 1,
  "state": "loaded",
  "teamId": "app"
}
[03/08/20, 11:42:12:270] info: Store: MAIN_WINDOW_SHOWN 
[03/08/20, 11:42:12:270] info: Store: UPDATE_SETTINGS 
{
  "mainWindowSettings": {
    "bounds": {
      "height": 1003,
      "width": 626,
      "x": 647,
      "y": 27
    },
    "fullScreen": false,
    "maximized": false
  }
}
[03/08/20, 11:42:12:364] info: create: creating new instance of cld3 
{
  "minBufferLength": 280,
  "maxBufferLength": 800
}
[03/08/20, 11:42:12:364] info: cld3::loadModule: loading cld3 wasm binary 
{
  "initOptions": {}
}
[03/08/20, 11:42:12:365] info: cld3Loader::loadModule: constructed module object for runtime 
[03/08/20, 11:42:12:624] info: cld3Loader::initializeRuntime: successfully initialized module 
[03/08/20, 11:42:12:624] info: cld3Loader::loadModule: initialized wasm binary Runtime 
[03/08/20, 11:42:12:624] info: cld3::cldLoader: cld3 wasm initialized with default values 
{
  "unknownIdentifier": "und",
  "minBytesDefault": 140,
  "maxBytesDefault": 700,
  "maxBytesInput": 10000,
  "languageResultStructSize": 16
}
[03/08/20, 11:42:13:421] info: Network status check 
{
  "elapsed_time_ms": 795,
  "navigator_online": true,
  "api_test": "online"
}
[03/08/20, 11:42:13:421] info: Store: UPDATE_SETTINGS 
{
  "userTheme": "light"
}
[03/08/20, 11:42:13:421] info: Store: UPDATE_SETTINGS 
{
  "systemThemeSyncEnabled": false
}
[03/08/20, 11:42:13:526] info: Store: UPDATE_SETTINGS 
{
  "mainWindowSettings": {
    "bounds": {
      "height": 1003,
      "width": 926,
      "x": 967,
      "y": 27
    },
    "fullScreen": false,
    "maximized": false
  }
}
[03/08/20, 11:42:13:527] info: Store: SET_NETWORK_STATUS online
[03/08/20, 11:42:13:583] info: Store: UPSERT_WEB_CONTENTS 
{
  "history": "[REDACTED]",
  "id": 1,
  "state": "page-will-navigate",
  "teamId": "app"
}
[03/08/20, 11:42:13:586] info: Window is unloading, window.desktop is no longer accessible 
[03/08/20, 11:42:14:152] info: ╔════════════════════════════════════════════════════════════════════════════════╗ 
[03/08/20, 11:42:14:152] info: ║      Slack 4.0.2, linux 5.3.0-40-generic on x64 at 03/08/20, 11:42:14:151      ║ 
[03/08/20, 11:42:14:152] info: ╚════════════════════════════════════════════════════════════════════════════════╝ 
[03/08/20, 11:42:14:153] info: Configured logger via 
{
  "logLevel": "info"
}
[03/08/20, 11:42:14:153] info: Predefined values for process 
{
  "platform": "linux",
  "NODE_ENV": "production",
  "type": "renderer",
  "PACKAGE_MANIFEST.productName": "Slack",
  "PACKAGE_MANIFEST.version": "4.0.2",
  "PACKAGE_MANIFEST.versionName": "The Final Countdown",
  "PACKAGE_MANIFEST.commit": "8900f04",
  "PACKAGE_MANIFEST.branch": "HEAD"
}
[03/08/20, 11:42:14:212] info: TranslationLookup: locale set to ja for renderer 
[03/08/20, 11:42:14:232] info: Read UUID from file successful 
{
  "uuid": "e726dd1e-fd24-5058-a816-779bc0bb184a"
}
[03/08/20, 11:42:14:292] info: SpellChecker:: updateSpellcheckerLanguage: Skip to set new language null, spellchecker is not available 
[03/08/20, 11:42:14:293] info: TranslationLookup: locale set to en-US for renderer 
[03/08/20, 11:42:14:297] info: Main window preload script finished 
{
  "readyTime": 75.241427
}
[03/08/20, 11:42:14:341] info: Store: UPSERT_WEB_CONTENTS 
{
  "id": 1,
  "state": "loaded",
  "teamId": "app"
}
[03/08/20, 11:42:14:356] info: create: creating new instance of cld3 
{
  "minBufferLength": 280,
  "maxBufferLength": 800
}
[03/08/20, 11:42:14:356] info: cld3::loadModule: loading cld3 wasm binary 
{
  "initOptions": {}
}
[03/08/20, 11:42:14:356] info: cld3Loader::loadModule: constructed module object for runtime 
[03/08/20, 11:42:14:566] info: cld3Loader::initializeRuntime: successfully initialized module 
[03/08/20, 11:42:14:567] info: cld3Loader::loadModule: initialized wasm binary Runtime 
[03/08/20, 11:42:14:567] info: cld3::cldLoader: cld3 wasm initialized with default values 
{
  "unknownIdentifier": "und",
  "minBytesDefault": 140,
  "maxBytesDefault": 700,
  "maxBytesInput": 10000,
  "languageResultStructSize": 16
}
[03/08/20, 11:42:15:220] info: Store: UPDATE_SETTINGS 
{
  "userTheme": "light"
}
[03/08/20, 11:42:15:220] info: Store: UPDATE_SETTINGS 
{
  "systemThemeSyncEnabled": false
}
[03/08/20, 11:42:15:225] info: Network status check 
{
  "elapsed_time_ms": 509,
  "navigator_online": true,
  "api_test": "online"
}
[03/08/20, 11:42:15:370] error: [DESKTOP] 'desktop.accessibility.isAccessibilitySupportEnabled' is missing or not a function 
[03/08/20, 11:42:15:434] error: [DESKTOP] 'desktop.stats.performance.timeSpentInPreload' is missing or not a function 
[03/08/20, 11:42:15:944] error: [DESKTOP] 'desktop.stats.performance.timeSpentInPreload' is missing or not a function 
[03/08/20, 11:42:15:949] error: [DESKTOP] 'desktop.stats.performance.timeToPageLoad' is missing or not a function 
[03/08/20, 11:42:16:088] error: [DESKTOP] 'desktop.stats.performance.timeToPageLoad' is missing or not a function 
[03/08/20, 11:42:16:114] info: Store: SET_NETWORK_STATUS online
[03/08/20, 11:42:16:140] info: Store: SYNC Bad or empty workspaces payload
[03/08/20, 11:42:16:140] info: Store: SELECTION_CHANGED TSAFH3ZJ4
[03/08/20, 11:42:16:140] info: Store: REDUX_UPDATE_FROM_WEBAPP 
{
  "teams": {
    "TSAFH3ZJ4": {
      "bootConfig": {
        "isSonicDisabled": false,
        "isSonicEnabled": true
      },
      "featureFlags": {},
      "locale": "ja-JP",
      "notificationPrefs": {},
      "theme": {
        "titlebarBackground": "#1F0020",
        "titlebarTextColor": "#FFFFFF"
      },
      "unreads": {
        "hasUnreads": false,
        "unreadHighlights": 0,
        "unreads": 0
      }
    }
  }
}
[03/08/20, 11:42:16:141] info: Store: REDUX_UPDATE_FROM_WEBAPP 
{
  "teams": {
    "TSAFH3ZJ4": {
      "version": "2ebeb52-s@1583620617"
    }
  }
}
[03/08/20, 11:42:16:141] info: Store: REDUX_UPDATE_FROM_WEBAPP 
{
  "teams": {
    "TSAFH3ZJ4": {
      "notificationPrefs": {
        "muteSounds": false,
        "noTextInNotifications": false,
        "notificationSound": "knock_brush.mp3"
      },
      "theme": {
        "titlebarBackground": "#1F0020",
        "titlebarTextColor": "#FFFFFF"
      },
      "unreads": {
        "hasUnreads": false,
        "showBullet": true,
        "unreadHighlights": 0,
        "unreads": 0
      }
    }
  }
}
[03/08/20, 11:42:16:142] info: Store: SYNC Synced 1 workspaces with IDs [TSAFH3ZJ4]
[03/08/20, 11:42:16:142] info: Store: SELECTION_CHANGED TSAFH3ZJ4
[03/08/20, 11:42:17:726] error: [DESKTOP] 'desktop.accessibility.isAccessibilitySupportEnabled' is missing or not a function 
[03/08/20, 11:42:17:769] info: postLoadTaskSetup: Desktop client fully loaded 
{
  "loadedTime": 8100.645186
}
[03/08/20, 11:42:17:813] info: Store: REDUX_UPDATE_FROM_WEBAPP 
{
  "teams": {
    "TNK70A2D6": {
      "bootConfig": {
        "isSonicDisabled": false,
        "isSonicEnabled": true
      },
      "featureFlags": {},
      "locale": "ja-JP",
      "notificationPrefs": {},
      "theme": {
        "titlebarBackground": "#1F0020",
        "titlebarTextColor": "#FFFFFF"
      },
      "unreads": {
        "hasUnreads": false,
        "unreadHighlights": 0,
        "unreads": 0
      }
    }
  }
}
[03/08/20, 11:42:17:813] info: Store: REDUX_UPDATE_FROM_WEBAPP 
{
  "teams": {
    "TNK70A2D6": {
      "version": "2ebeb52-s@1583620617"
    }
  }
}
[03/08/20, 11:42:17:813] info: Store: REDUX_UPDATE_FROM_WEBAPP 
{
  "teams": {
    "TNK70A2D6": {
      "notificationPrefs": {
        "muteSounds": false,
        "noTextInNotifications": false,
        "notificationSound": "knock_brush.mp3"
      },
      "theme": {
        "titlebarBackground": "#1F0020",
        "titlebarTextColor": "#FFFFFF"
      },
      "unreads": {
        "hasUnreads": false,
        "showBullet": true,
        "unreadHighlights": 0,
        "unreads": 0
      }
    }
  }
}
[03/08/20, 11:42:17:813] info: Store: SYNC Synced 2 workspaces with IDs [TSAFH3ZJ4,TNK70A2D6]
[03/08/20, 11:42:17:833] info: Store: SELECTION_CHANGED TSAFH3ZJ4
[03/08/20, 11:42:17:833] info: Store: UPSERT_WEB_CONTENTS 
{
  "id": 1,
  "state": "webapp-loaded",
  "teamId": "app"
}
[03/08/20, 11:42:17:835] info: Store: STORE_ENTERPRISE_ID_PAIR 
{
  "enterpriseId": null,
  "teamId": "app"
}
[03/08/20, 11:42:17:840] info: postLoadTaskSetup: Setup spellchecker 
{
  "version": "V1"
}
[03/08/20, 11:42:17:908] info: fetchContentForChannel: will not attempt to try fetch channel content in pilot 
[03/08/20, 11:42:17:916] info: Raw Locale list: ["C","C.UTF-8","POSIX","en_AG","en_AG.utf8","en_AU.utf8","en_BW.utf8","en_CA.utf8","en_DK.utf8","en_GB.utf8","en_HK.utf8","en_IE.utf8","en_IL","en_IL.utf8","en_IN","en_IN.utf8","en_NG","en_NG.utf8","en_NZ.utf8","en_PH.utf8","en_SG.utf8","en_US.utf8","en_ZA.utf8","en_ZM","en_ZM.utf8","en_ZW.utf8","ja_JP.utf8",""] 
[03/08/20, 11:42:17:916] info: Filtered Locale list: ["en_AG","en_AG","en_AU","en_BW","en_CA","en_DK","en_GB","en_HK","en_IE","en_IL","en_IL","en_IN","en_IN","en_NG","en_NG","en_NZ","en_PH","en_SG","en_US","en_ZA","en_ZM","en_ZM","en_ZW","ja_JP"] 
[03/08/20, 11:42:17:916] info: Counts: {"en":["en_AG","en_AG","en_AU","en_BW","en_CA","en_DK","en_GB","en_HK","en_IE","en_IL","en_IL","en_IN","en_IN","en_NG","en_NG","en_NZ","en_PH","en_SG","en_US","en_ZA","en_ZM","en_ZM","en_ZW"],"ja":["ja_JP"]} 
[03/08/20, 11:42:17:916] info: Setting ja 
[03/08/20, 11:42:17:917] info: Result: {"ja":"ja-JP"} 
[03/08/20, 11:42:17:917] info: Requesting to load en-US, alternatives are ["en-US","en-US","en-US"] 
[03/08/20, 11:42:17:918] info: Loading dictionary for language en-US 
[03/08/20, 11:42:17:918] info: Returning local copy: /home/tatsu/.config/Slack/dictionaries/en-US.bdic 
[03/08/20, 11:42:17:951] info: Setting current spellchecker to en-US, requested language was en-US 
[03/08/20, 11:42:17:951] info: Creating node-spellchecker instance 
[03/08/20, 11:42:17:970] info: Actually installing spell check provider to Electron 
[03/08/20, 11:42:20:817] info: Store: REDUX_UPDATE_FROM_WEBAPP 
{
  "teams": {
    "TNK70A2D6": {
      "unreads": {
        "hasUnreads": true,
        "showBullet": true,
        "unreadHighlights": 0,
        "unreads": 1
      }
    }
  }
}
[03/08/20, 11:48:12:371] info: Store: SET_SYSTEM_IDLE idle_taskbar
[03/08/20, 11:49:32:393] info: Store: SET_SYSTEM_IDLE active
[03/08/20, 11:56:32:509] info: Store: SET_SYSTEM_IDLE idle_taskbar
[03/08/20, 12:06:12:638] info: Store: SET_SYSTEM_IDLE idle_presence
[03/08/20, 13:05:33:503] info: Store: SET_SYSTEM_IDLE active
[03/08/20, 13:07:53:583] info: Store: SET_SYSTEM_IDLE idle_taskbar
[03/08/20, 13:10:53:684] info: Store: SET_SYSTEM_IDLE active
[03/08/20, 13:14:13:788] info: Store: SET_SYSTEM_IDLE idle_taskbar
[03/08/20, 13:15:13:820] info: Store: SET_SYSTEM_IDLE active
[03/08/20, 13:26:34:189] info: Store: SET_SYSTEM_IDLE idle_taskbar
[03/08/20, 13:26:54:208] info: Store: SET_SYSTEM_IDLE active
[03/08/20, 13:29:14:274] info: Store: SET_SYSTEM_IDLE idle_taskbar
[03/08/20, 13:29:34:294] info: Store: SET_SYSTEM_IDLE active
[03/08/20, 13:30:34:323] info: Store: SET_SYSTEM_IDLE idle_taskbar
[03/08/20, 13:31:34:358] info: Store: SET_SYSTEM_IDLE active
[03/08/20, 13:32:14:380] info: Store: SET_SYSTEM_IDLE idle_taskbar
[03/08/20, 13:32:34:394] info: Store: SET_SYSTEM_IDLE active
[03/08/20, 13:38:34:597] info: Store: SET_SYSTEM_IDLE idle_taskbar
[03/08/20, 13:39:14:622] info: Store: SET_SYSTEM_IDLE active
[03/08/20, 13:39:54:652] info: Store: SET_SYSTEM_IDLE idle_taskbar
[03/08/20, 13:40:14:665] info: Store: SET_SYSTEM_IDLE active
[03/08/20, 13:44:14:799] info: Store: SET_SYSTEM_IDLE idle_taskbar
[03/08/20, 13:45:14:836] info: Store: SET_SYSTEM_IDLE active
[03/08/20, 13:45:34:856] info: Store: SET_SYSTEM_IDLE idle_taskbar
[03/08/20, 13:45:54:868] info: Store: SET_SYSTEM_IDLE active
[03/08/20, 13:46:54:899] info: Store: SET_SYSTEM_IDLE idle_taskbar
[03/08/20, 13:47:14:910] info: Store: SET_SYSTEM_IDLE active
[03/08/20, 13:59:15:296] info: Store: SET_SYSTEM_IDLE idle_taskbar
[03/08/20, 13:59:35:317] info: Store: SET_SYSTEM_IDLE active
[03/08/20, 13:59:55:333] info: Store: SET_SYSTEM_IDLE idle_taskbar
[03/08/20, 14:01:15:366] info: Store: SET_SYSTEM_IDLE active
[03/08/20, 14:01:29:581] info: Store: FOREGROUND_APP 
[03/08/20, 14:01:30:655] info: Store: UPDATE_SETTINGS 
{
  "mainWindowSettings": {
    "bounds": {
      "height": 1003,
      "width": 606,
      "x": 1287,
      "y": 27
    },
    "fullScreen": false,
    "maximized": false
  }
}
[03/08/20, 14:02:23:450] info: Store: FOREGROUND_APP 
[03/08/20, 14:03:35:435] info: Store: SET_SYSTEM_IDLE idle_taskbar
[03/08/20, 14:07:35:584] info: Store: SET_SYSTEM_IDLE active
[03/08/20, 14:14:15:792] info: Store: SET_SYSTEM_IDLE idle_taskbar
[03/08/20, 14:15:55:854] info: Store: SET_SYSTEM_IDLE active
[03/08/20, 14:18:15:927] info: Store: SET_SYSTEM_IDLE idle_taskbar
[03/08/20, 14:18:55:942] info: Store: SET_SYSTEM_IDLE active
[03/08/20, 14:21:36:045] info: Store: SET_SYSTEM_IDLE idle_taskbar
[03/08/20, 14:21:56:059] info: Store: SET_SYSTEM_IDLE active
[03/08/20, 14:23:56:120] info: Store: SET_SYSTEM_IDLE idle_taskbar
[03/08/20, 14:24:16:129] info: Store: SET_SYSTEM_IDLE active
[03/08/20, 14:26:56:225] info: Store: SET_SYSTEM_IDLE idle_taskbar
[03/08/20, 14:27:16:232] info: Store: SET_SYSTEM_IDLE active
[03/08/20, 14:28:16:261] info: Store: SET_SYSTEM_IDLE idle_taskbar
[03/08/20, 14:29:16:303] info: Store: SET_SYSTEM_IDLE active
[03/08/20, 14:29:36:323] info: Store: SET_SYSTEM_IDLE idle_taskbar
[03/08/20, 14:32:56:437] info: Store: SET_SYSTEM_IDLE active
[03/08/20, 14:34:56:515] info: Store: SET_SYSTEM_IDLE idle_taskbar
[03/08/20, 14:42:36:786] info: Store: SET_SYSTEM_IDLE active
[03/08/20, 14:44:16:845] info: Store: SET_SYSTEM_IDLE idle_taskbar
[03/08/20, 14:49:17:005] info: Store: SET_SYSTEM_IDLE active
[03/08/20, 14:53:57:155] info: Store: SET_SYSTEM_IDLE idle_taskbar
[03/08/20, 14:54:17:164] info: Store: SET_SYSTEM_IDLE active
[03/08/20, 15:06:37:587] info: Store: SET_SYSTEM_IDLE idle_taskbar
[03/08/20, 15:06:57:601] info: Store: SET_SYSTEM_IDLE active
[03/08/20, 15:14:37:866] info: Store: SET_SYSTEM_IDLE idle_taskbar
[03/08/20, 15:14:57:876] info: Store: SET_SYSTEM_IDLE active
[03/08/20, 15:17:57:962] info: Store: SET_SYSTEM_IDLE idle_taskbar
[03/08/20, 15:19:38:022] info: Store: SET_SYSTEM_IDLE active
[03/08/20, 15:24:18:179] info: Store: SET_SYSTEM_IDLE idle_taskbar
[03/08/20, 15:24:38:198] info: Store: SET_SYSTEM_IDLE active
[03/08/20, 15:32:58:478] info: Store: SET_SYSTEM_IDLE idle_taskbar
[03/08/20, 15:42:38:808] info: Store: SET_SYSTEM_IDLE idle_presence
[03/08/20, 17:18:01:443] info: Store: SET_SYSTEM_IDLE active
[03/08/20, 17:18:21:462] info: Store: SET_SYSTEM_IDLE idle_taskbar
[03/08/20, 17:18:41:474] info: Store: SET_SYSTEM_IDLE active
[03/08/20, 17:23:21:641] info: Store: SET_SYSTEM_IDLE idle_taskbar
[03/08/20, 17:23:41:671] info: Store: SET_SYSTEM_IDLE active
[03/08/20, 17:29:41:872] info: Store: SET_SYSTEM_IDLE idle_taskbar
[03/08/20, 17:30:21:900] info: Store: SET_SYSTEM_IDLE active
[03/08/20, 17:33:42:031] info: Store: SET_SYSTEM_IDLE idle_taskbar
[03/08/20, 17:34:02:046] info: Store: SET_SYSTEM_IDLE active
[03/08/20, 17:35:22:083] info: Store: SET_SYSTEM_IDLE idle_taskbar
[03/08/20, 17:36:02:115] info: Store: SET_SYSTEM_IDLE active
[03/08/20, 17:42:02:342] info: Store: SET_SYSTEM_IDLE idle_taskbar
[03/08/20, 17:42:22:358] info: Store: SET_SYSTEM_IDLE active
[03/08/20, 17:54:42:799] info: Store: SET_SYSTEM_IDLE idle_taskbar
[03/08/20, 17:56:02:827] info: Store: SET_SYSTEM_IDLE active
[03/08/20, 17:56:22:849] info: Store: SET_SYSTEM_IDLE idle_taskbar
[03/08/20, 17:57:02:863] info: Store: SET_SYSTEM_IDLE active
[03/08/20, 17:57:42:887] info: Store: SET_SYSTEM_IDLE idle_taskbar
[03/08/20, 18:02:23:055] info: Store: SET_SYSTEM_IDLE active
[03/08/20, 18:03:23:097] info: Store: SET_SYSTEM_IDLE idle_taskbar
[03/08/20, 18:05:03:170] info: Store: SET_SYSTEM_IDLE active
[03/08/20, 18:06:23:214] info: Store: SET_SYSTEM_IDLE idle_taskbar
[03/08/20, 18:06:43:234] info: Store: SET_SYSTEM_IDLE active
[03/08/20, 18:13:03:479] info: Store: SET_SYSTEM_IDLE idle_taskbar
[03/08/20, 18:15:03:546] info: Store: SET_SYSTEM_IDLE active
[03/08/20, 18:15:43:562] info: Store: SET_SYSTEM_IDLE idle_taskbar
[03/08/20, 18:21:23:762] info: Store: SET_SYSTEM_IDLE active
[03/08/20, 18:30:44:097] info: Store: SET_SYSTEM_IDLE idle_taskbar
[03/08/20, 18:31:04:120] info: Store: SET_SYSTEM_IDLE active
